[0m15:37:14.077305 [debug] [MainThread]: Sending event: {'category': 'dbt', 'action': 'invocation', 'label': 'start', 'context': [<snowplow_tracker.self_describing_json.SelfDescribingJson object at 0x73362e4ed850>, <snowplow_tracker.self_describing_json.SelfDescribingJson object at 0x73362e2a2990>, <snowplow_tracker.self_describing_json.SelfDescribingJson object at 0x73362e2a2b40>]}


============================== 15:37:14.140395 | d355d4e7-0902-4558-a242-41d98c0529f9 ==============================
[0m15:37:14.140395 [info ] [MainThread]: Running with dbt=1.10.13
[0m15:37:14.141207 [debug] [MainThread]: running dbt with arguments {'log_cache_events': 'False', 'debug': 'False', 'warn_error_options': 'WarnErrorOptionsV2(error=[], warn=[], silence=[])', 'invocation_command': 'dbt debug', 'partial_parse': 'True', 'use_colors': 'True', 'log_path': 'logs', 'warn_error': 'None', 'fail_fast': 'False', 'static_parser': 'True', 'log_format': 'default', 'write_json': 'True', 'cache_selected_only': 'False', 'indirect_selection': 'eager', 'introspect': 'True', 'version_check': 'True', 'empty': 'None', 'target_path': 'None', 'send_anonymous_usage_stats': 'True', 'use_experimental_parser': 'False', 'printer_width': '80', 'quiet': 'False', 'profiles_dir': '/home/eirikteigland/.dbt', 'no_print': 'None'}
[0m15:37:14.217409 [info ] [MainThread]: dbt version: 1.10.13
[0m15:37:14.217943 [info ] [MainThread]: python version: 3.12.3
[0m15:37:14.218307 [info ] [MainThread]: python path: /home/eirikteigland/projects/dbt_electrostore/.venv/bin/python
[0m15:37:14.218640 [info ] [MainThread]: os info: Linux-6.6.87.1-microsoft-standard-WSL2-x86_64-with-glibc2.39
[0m15:37:14.665856 [info ] [MainThread]: Using profiles dir at /home/eirikteigland/.dbt
[0m15:37:14.666498 [info ] [MainThread]: Using profiles.yml file at /home/eirikteigland/.dbt/profiles.yml
[0m15:37:14.667091 [info ] [MainThread]: Using dbt_project.yml file at /home/eirikteigland/projects/dbt_electrostore/dbt_project.yml
[0m15:37:14.667594 [info ] [MainThread]: adapter type: sqlserver
[0m15:37:14.668119 [info ] [MainThread]: adapter version: 1.9.0
[0m15:37:14.668694 [info ] [MainThread]: Configuration:
[0m15:37:14.669158 [info ] [MainThread]:   profiles.yml file [[32mOK found and valid[0m]
[0m15:37:14.669661 [info ] [MainThread]:   dbt_project.yml file [[31mERROR not found[0m]
[0m15:37:14.670234 [info ] [MainThread]: Required dependencies:
[0m15:37:14.670696 [debug] [MainThread]: Executing "git --help"
[0m15:37:14.674355 [debug] [MainThread]: STDOUT: "b"usage: git [-v | --version] [-h | --help] [-C <path>] [-c <name>=<value>]\n           [--exec-path[=<path>]] [--html-path] [--man-path] [--info-path]\n           [-p | --paginate | -P | --no-pager] [--no-replace-objects] [--bare]\n           [--git-dir=<path>] [--work-tree=<path>] [--namespace=<name>]\n           [--config-env=<name>=<envvar>] <command> [<args>]\n\nThese are common Git commands used in various situations:\n\nstart a working area (see also: git help tutorial)\n   clone     Clone a repository into a new directory\n   init      Create an empty Git repository or reinitialize an existing one\n\nwork on the current change (see also: git help everyday)\n   add       Add file contents to the index\n   mv        Move or rename a file, a directory, or a symlink\n   restore   Restore working tree files\n   rm        Remove files from the working tree and from the index\n\nexamine the history and state (see also: git help revisions)\n   bisect    Use binary search to find the commit that introduced a bug\n   diff      Show changes between commits, commit and working tree, etc\n   grep      Print lines matching a pattern\n   log       Show commit logs\n   show      Show various types of objects\n   status    Show the working tree status\n\ngrow, mark and tweak your common history\n   branch    List, create, or delete branches\n   commit    Record changes to the repository\n   merge     Join two or more development histories together\n   rebase    Reapply commits on top of another base tip\n   reset     Reset current HEAD to the specified state\n   switch    Switch branches\n   tag       Create, list, delete or verify a tag object signed with GPG\n\ncollaborate (see also: git help workflows)\n   fetch     Download objects and refs from another repository\n   pull      Fetch from and integrate with another repository or a local branch\n   push      Update remote refs along with associated objects\n\n'git help -a' and 'git help -g' list available subcommands and some\nconcept guides. See 'git help <command>' or 'git help <concept>'\nto read about a specific subcommand or concept.\nSee 'git help git' for an overview of the system.\n""
[0m15:37:14.674868 [debug] [MainThread]: STDERR: "b''"
[0m15:37:14.675205 [info ] [MainThread]:  - git [[32mOK found[0m]

[0m15:37:14.675574 [info ] [MainThread]: Connection:
[0m15:37:14.676066 [info ] [MainThread]:   server: debby-server.database.windows.net
[0m15:37:14.676466 [info ] [MainThread]:   database: little-debby
[0m15:37:14.676993 [info ] [MainThread]:   schema: dbt_eirik
[0m15:37:14.677403 [info ] [MainThread]:   UID: None
[0m15:37:14.677983 [info ] [MainThread]:   client_id: None
[0m15:37:14.678426 [info ] [MainThread]:   authentication: CLI
[0m15:37:14.678955 [info ] [MainThread]:   encrypt: True
[0m15:37:14.679368 [info ] [MainThread]:   trust_cert: True
[0m15:37:14.679839 [info ] [MainThread]:   retries: 3
[0m15:37:14.680304 [info ] [MainThread]:   login_timeout: 0
[0m15:37:14.680855 [info ] [MainThread]:   query_timeout: 0
[0m15:37:14.681455 [info ] [MainThread]:   trace_flag: False
[0m15:37:14.682336 [info ] [MainThread]:   port: 1433
[0m15:37:14.683528 [info ] [MainThread]: Registered adapter: sqlserver=1.9.0
[0m15:37:14.777637 [debug] [MainThread]: Acquiring new sqlserver connection 'debug'
[0m15:37:14.778117 [debug] [MainThread]: Using sqlserver connection "debug"
[0m15:37:14.778410 [debug] [MainThread]: On debug: select 1 as id
[0m15:37:14.778696 [debug] [MainThread]: Opening a new connection, currently in state init
[0m15:37:14.779000 [debug] [MainThread]: fabric adapter: Using connection string: DRIVER={ODBC Driver 18 for SQL Server};SERVER=debby-server.database.windows.net;Database=little-debby;Pooling=true;SQL_ATTR_TRACE=SQL_OPT_TRACE_OFF;encrypt=Yes;TrustServerCertificate=Yes;APP=dbt-sqlserver/1.9.3;ConnectRetryCount=3;ConnectRetryInterval=10
[0m15:37:15.663439 [debug] [MainThread]: fabric adapter: Connected to db: little-debby
[0m15:37:15.683351 [debug] [MainThread]: SQL status: OK in 1.000 seconds
[0m15:37:15.685116 [debug] [MainThread]: On debug: Close
[0m15:37:15.685638 [info ] [MainThread]:   Connection test: [[32mOK connection ok[0m]

[0m15:37:15.686237 [info ] [MainThread]: [31m1 check failed:[0m
[0m15:37:15.686720 [info ] [MainThread]: Project loading failed for the following reason:
 project path </home/eirikteigland/projects/dbt_electrostore/dbt_project.yml> not found

[0m15:37:15.688071 [debug] [MainThread]: Resource report: {"command_name": "debug", "command_success": false, "command_wall_clock_time": 1.6715525, "process_in_blocks": "32968", "process_kernel_time": 0.49406, "process_mem_max_rss": "126976", "process_out_blocks": "37880", "process_user_time": 3.613342}
[0m15:37:15.689079 [debug] [MainThread]: Command `dbt debug` failed at 15:37:15.688954 after 1.67 seconds
[0m15:37:15.689491 [debug] [MainThread]: Connection 'debug' was properly closed.
[0m15:37:15.689947 [debug] [MainThread]: Sending event: {'category': 'dbt', 'action': 'invocation', 'label': 'end', 'context': [<snowplow_tracker.self_describing_json.SelfDescribingJson object at 0x73362e2a2b40>, <snowplow_tracker.self_describing_json.SelfDescribingJson object at 0x73362d662120>, <snowplow_tracker.self_describing_json.SelfDescribingJson object at 0x73362d752de0>]}
[0m15:37:15.690371 [debug] [MainThread]: Flushing usage events
[0m15:37:16.245406 [debug] [MainThread]: An error was encountered while trying to flush usage events
[0m15:49:51.075850 [debug] [MainThread]: Sending event: {'category': 'dbt', 'action': 'invocation', 'label': 'start', 'context': [<snowplow_tracker.self_describing_json.SelfDescribingJson object at 0x766392571d00>, <snowplow_tracker.self_describing_json.SelfDescribingJson object at 0x7663928e6c90>, <snowplow_tracker.self_describing_json.SelfDescribingJson object at 0x766391d6a9f0>]}


============================== 15:49:51.079414 | 03c235e7-8226-4467-85d7-762bbae4ba7a ==============================
[0m15:49:51.079414 [info ] [MainThread]: Running with dbt=1.10.13
[0m15:49:51.079991 [debug] [MainThread]: running dbt with arguments {'version_check': 'True', 'log_cache_events': 'False', 'introspect': 'True', 'quiet': 'False', 'static_parser': 'True', 'log_format': 'default', 'indirect_selection': 'eager', 'use_experimental_parser': 'False', 'target_path': 'None', 'no_print': 'None', 'cache_selected_only': 'False', 'partial_parse': 'True', 'debug': 'False', 'empty': 'False', 'warn_error_options': 'WarnErrorOptionsV2(error=[], warn=[], silence=[])', 'profiles_dir': '/home/eirikteigland/.dbt', 'log_path': 'logs', 'warn_error': 'None', 'printer_width': '80', 'send_anonymous_usage_stats': 'True', 'invocation_command': 'dbt build -s dbt/models/intermediate/int_customers.sql', 'write_json': 'True', 'use_colors': 'True', 'fail_fast': 'False'}
[0m15:49:51.080462 [error] [MainThread]: Encountered an error:
Runtime Error
  No dbt_project.yml found at expected path /home/eirikteigland/projects/dbt_electrostore/dbt_project.yml
  Verify that each entry within packages.yml (and their transitive dependencies) contains a file named dbt_project.yml
  
[0m15:49:51.081403 [debug] [MainThread]: Resource report: {"command_name": "build", "command_success": false, "command_wall_clock_time": 0.05915227, "process_in_blocks": "0", "process_kernel_time": 0.215673, "process_mem_max_rss": "98748", "process_out_blocks": "16", "process_user_time": 1.21017}
[0m15:49:51.081933 [debug] [MainThread]: Command `dbt build` failed at 15:49:51.081825 after 0.06 seconds
[0m15:49:51.082326 [debug] [MainThread]: Sending event: {'category': 'dbt', 'action': 'invocation', 'label': 'end', 'context': [<snowplow_tracker.self_describing_json.SelfDescribingJson object at 0x766391ea6ab0>, <snowplow_tracker.self_describing_json.SelfDescribingJson object at 0x766391e6cec0>, <snowplow_tracker.self_describing_json.SelfDescribingJson object at 0x766391efaa20>]}
[0m15:49:51.082785 [debug] [MainThread]: Flushing usage events
[0m15:49:51.564736 [debug] [MainThread]: An error was encountered while trying to flush usage events
